<?xml version="1.0" encoding="UTF-8"?>
<robot generator="Robot 6.0.2 (Python 3.11.2 on win32)" generated="20230420 15:39:24.762" rpa="false" schemaversion="3">
<suite id="s1" name="Basket" source="c:\Users\ARTINUSER\Documents\Coding_Challenge\saucedemo\tests\basket.robot">
<test id="s1-t1" name="Basket delete" line="10">
<kw name="Open Browser" library="QWeb" type="SETUP">
<arg>about:blank</arg>
<arg>chrome</arg>
<tag>Browser</tag>
<tag>Interaction</tag>
<doc>Open new browser to given url.</doc>
<msg timestamp="20230420 15:39:25.815" level="INFO">
QWeb version number: 2.1.2</msg>
<msg timestamp="20230420 15:39:26.958" level="INFO">Browser: chrome</msg>
<msg timestamp="20230420 15:39:26.958" level="INFO">Browser version: 112.0.5615.137</msg>
<msg timestamp="20230420 15:39:26.959" level="INFO">Chromedriver version: 112.0.5615.49 (bd2a7bcb881c11e8cfe3078709382934e3916914-refs/branch-heads/5615@{#936})</msg>
<status status="PASS" starttime="20230420 15:39:25.814" endtime="20230420 15:39:26.990"/>
</kw>
<kw name="Go To" library="QWeb">
<arg>https://www.saucedemo.com/</arg>
<tag>Browser</tag>
<tag>Interaction</tag>
<doc>Switch current page to given url.</doc>
<status status="PASS" starttime="20230420 15:39:26.990" endtime="20230420 15:39:27.278"/>
</kw>
<kw name="Get users credentials" library="keywords">
<kw name="Get Text" library="QWeb">
<var>${STANDARD_USER_LOGIN}</var>
<arg>${xpath_users}</arg>
<arg>between=are:???locked</arg>
<tag>Getters</tag>
<tag>Text</tag>
<doc>Get text from element specified by xpath.</doc>
<msg timestamp="20230420 15:39:27.385" level="INFO">${STANDARD_USER_LOGIN} = standard_user</msg>
<status status="PASS" starttime="20230420 15:39:27.280" endtime="20230420 15:39:27.386"/>
</kw>
<kw name="Get Text" library="QWeb">
<var>${LOCKED_OUT_USER_LOGIN}</var>
<arg>${xpath_users}</arg>
<arg>between=user???problem</arg>
<tag>Getters</tag>
<tag>Text</tag>
<doc>Get text from element specified by xpath.</doc>
<msg timestamp="20230420 15:39:27.422" level="INFO">${LOCKED_OUT_USER_LOGIN} = names are:standard_userlocked_out_user</msg>
<status status="PASS" starttime="20230420 15:39:27.386" endtime="20230420 15:39:27.423"/>
</kw>
<kw name="Get Text" library="QWeb">
<var>${PROBLEM_USER_LOGIN}</var>
<arg>${xpath_users}</arg>
<arg>between=user???performance</arg>
<tag>Getters</tag>
<tag>Text</tag>
<doc>Get text from element specified by xpath.</doc>
<msg timestamp="20230420 15:39:27.463" level="INFO">${PROBLEM_USER_LOGIN} = names are:standard_userlocked_out_userproblem_user</msg>
<status status="PASS" starttime="20230420 15:39:27.423" endtime="20230420 15:39:27.463"/>
</kw>
<kw name="Get Text" library="QWeb">
<var>${PERFORMANCE_GLITCH_USER_LOGIN}</var>
<arg>${xpath_users}</arg>
<arg>between=problem_user???</arg>
<tag>Getters</tag>
<tag>Text</tag>
<doc>Get text from element specified by xpath.</doc>
<msg timestamp="20230420 15:39:27.504" level="INFO">${PERFORMANCE_GLITCH_USER_LOGIN} = performance_glitch_user</msg>
<status status="PASS" starttime="20230420 15:39:27.463" endtime="20230420 15:39:27.504"/>
</kw>
<kw name="Get Text" library="QWeb">
<var>${PASSWORD}</var>
<arg>${xpath_password}</arg>
<arg>between=users:???</arg>
<tag>Getters</tag>
<tag>Text</tag>
<doc>Get text from element specified by xpath.</doc>
<msg timestamp="20230420 15:39:27.548" level="INFO">${PASSWORD} = secret_sauce</msg>
<status status="PASS" starttime="20230420 15:39:27.505" endtime="20230420 15:39:27.548"/>
</kw>
<kw name="Set Test Variable" library="BuiltIn">
<arg>${STANDARD_USER_LOGIN}</arg>
<doc>Makes a variable available everywhere within the scope of the current test.</doc>
<msg timestamp="20230420 15:39:27.549" level="INFO">${STANDARD_USER_LOGIN} = standard_user</msg>
<status status="PASS" starttime="20230420 15:39:27.549" endtime="20230420 15:39:27.549"/>
</kw>
<kw name="Set Test Variable" library="BuiltIn">
<arg>${LOCKED_OUT_USER_LOGIN}</arg>
<doc>Makes a variable available everywhere within the scope of the current test.</doc>
<msg timestamp="20230420 15:39:27.550" level="INFO">${LOCKED_OUT_USER_LOGIN} = names are:standard_userlocked_out_user</msg>
<status status="PASS" starttime="20230420 15:39:27.549" endtime="20230420 15:39:27.550"/>
</kw>
<kw name="Set Test Variable" library="BuiltIn">
<arg>${PROBLEM_USER_LOGIN}</arg>
<doc>Makes a variable available everywhere within the scope of the current test.</doc>
<msg timestamp="20230420 15:39:27.550" level="INFO">${PROBLEM_USER_LOGIN} = names are:standard_userlocked_out_userproblem_user</msg>
<status status="PASS" starttime="20230420 15:39:27.550" endtime="20230420 15:39:27.550"/>
</kw>
<kw name="Set Test Variable" library="BuiltIn">
<arg>${PERFORMANCE_GLITCH_USER_LOGIN}</arg>
<doc>Makes a variable available everywhere within the scope of the current test.</doc>
<msg timestamp="20230420 15:39:27.551" level="INFO">${PERFORMANCE_GLITCH_USER_LOGIN} = performance_glitch_user</msg>
<status status="PASS" starttime="20230420 15:39:27.550" endtime="20230420 15:39:27.551"/>
</kw>
<kw name="Set Test Variable" library="BuiltIn">
<arg>${PASSWORD}</arg>
<doc>Makes a variable available everywhere within the scope of the current test.</doc>
<msg timestamp="20230420 15:39:27.551" level="INFO">${PASSWORD} = secret_sauce</msg>
<status status="PASS" starttime="20230420 15:39:27.551" endtime="20230420 15:39:27.551"/>
</kw>
<status status="PASS" starttime="20230420 15:39:27.279" endtime="20230420 15:39:27.551"/>
</kw>
<kw name="Log into" library="keywords">
<arg>${STANDARD_USER_LOGIN}</arg>
<arg>${PASSWORD}</arg>
<kw name="Type Text" library="QWeb">
<arg>${input_username}</arg>
<arg>${login_username}</arg>
<tag>Input</tag>
<tag>Interaction</tag>
<doc>Type given text to a text field.</doc>
<status status="PASS" starttime="20230420 15:39:27.552" endtime="20230420 15:39:27.668"/>
</kw>
<kw name="Type Text" library="QWeb">
<arg>${input_password}</arg>
<arg>${login_password}</arg>
<tag>Input</tag>
<tag>Interaction</tag>
<doc>Type given text to a text field.</doc>
<status status="PASS" starttime="20230420 15:39:27.668" endtime="20230420 15:39:27.754"/>
</kw>
<kw name="Click Element" library="QWeb">
<arg>${button_login}</arg>
<tag>Interaction</tag>
<doc>Click element specified by xpath.</doc>
<status status="PASS" starttime="20230420 15:39:27.754" endtime="20230420 15:39:27.911"/>
</kw>
<status status="PASS" starttime="20230420 15:39:27.552" endtime="20230420 15:39:27.912"/>
</kw>
<kw name="Sorting high to low" library="keywords">
<kw name="Drop Down" library="QWeb">
<arg>//select[contains(@class,'product_sort_container')]</arg>
<arg>Price (high to low)</arg>
<tag>Dropdown</tag>
<tag>Interaction</tag>
<doc>Select an option from dropdown menu/list.</doc>
<status status="PASS" starttime="20230420 15:39:27.913" endtime="20230420 15:39:28.027"/>
</kw>
<status status="PASS" starttime="20230420 15:39:27.912" endtime="20230420 15:39:28.027"/>
</kw>
<kw name="Price sorting control" library="keywords">
<kw name="Get Element Count" library="QWeb">
<var>${elements_count}</var>
<arg>//div[contains(@class,'inventory_item_price')]</arg>
<tag>Getters</tag>
<doc>Get count of appearances for certain web element.</doc>
<msg timestamp="20230420 15:39:28.051" level="INFO">${elements_count} = 6</msg>
<status status="PASS" starttime="20230420 15:39:28.028" endtime="20230420 15:39:28.051"/>
</kw>
<for flavor="IN RANGE">
<var>${counter}</var>
<value>${elements_count}</value>
<iter>
<var name="${counter}">0</var>
<kw name="Evaluate" library="BuiltIn">
<var>${element_num}</var>
<arg>${counter}+1</arg>
<doc>Evaluates the given expression in Python and returns the result.</doc>
<msg timestamp="20230420 15:39:28.053" level="INFO">${element_num} = 1</msg>
<status status="PASS" starttime="20230420 15:39:28.053" endtime="20230420 15:39:28.053"/>
</kw>
<kw name="Set Variable" library="BuiltIn">
<var>${xpath}</var>
<arg>//div[@class="inventory_item"][${element_num}]//div[@class="inventory_item_price"]</arg>
<doc>Returns the given values which can then be assigned to a variables.</doc>
<msg timestamp="20230420 15:39:28.053" level="INFO">${xpath} = //div[@class="inventory_item"][1]//div[@class="inventory_item_price"]</msg>
<status status="PASS" starttime="20230420 15:39:28.053" endtime="20230420 15:39:28.054"/>
</kw>
<kw name="Get Text" library="QWeb">
<var>${price_txt}</var>
<arg>${xpath}</arg>
<arg>between=$???</arg>
<tag>Getters</tag>
<tag>Text</tag>
<doc>Get text from element specified by xpath.</doc>
<msg timestamp="20230420 15:39:28.102" level="INFO">${price_txt} = 49.99</msg>
<status status="PASS" starttime="20230420 15:39:28.054" endtime="20230420 15:39:28.102"/>
</kw>
<kw name="Convert To Number" library="BuiltIn">
<var>${price_num}</var>
<arg>${price_txt}</arg>
<doc>Converts the given item to a floating point number.</doc>
<msg timestamp="20230420 15:39:28.102" level="INFO">${price_num} = 49.99</msg>
<status status="PASS" starttime="20230420 15:39:28.102" endtime="20230420 15:39:28.103"/>
</kw>
<kw name="Append To List" library="Collections">
<arg>${price_list}</arg>
<arg>${price_num}</arg>
<doc>Adds ``values`` to the end of ``list``.</doc>
<status status="PASS" starttime="20230420 15:39:28.103" endtime="20230420 15:39:28.103"/>
</kw>
<status status="PASS" starttime="20230420 15:39:28.051" endtime="20230420 15:39:28.103"/>
</iter>
<iter>
<var name="${counter}">1</var>
<kw name="Evaluate" library="BuiltIn">
<var>${element_num}</var>
<arg>${counter}+1</arg>
<doc>Evaluates the given expression in Python and returns the result.</doc>
<msg timestamp="20230420 15:39:28.104" level="INFO">${element_num} = 2</msg>
<status status="PASS" starttime="20230420 15:39:28.104" endtime="20230420 15:39:28.104"/>
</kw>
<kw name="Set Variable" library="BuiltIn">
<var>${xpath}</var>
<arg>//div[@class="inventory_item"][${element_num}]//div[@class="inventory_item_price"]</arg>
<doc>Returns the given values which can then be assigned to a variables.</doc>
<msg timestamp="20230420 15:39:28.104" level="INFO">${xpath} = //div[@class="inventory_item"][2]//div[@class="inventory_item_price"]</msg>
<status status="PASS" starttime="20230420 15:39:28.104" endtime="20230420 15:39:28.104"/>
</kw>
<kw name="Get Text" library="QWeb">
<var>${price_txt}</var>
<arg>${xpath}</arg>
<arg>between=$???</arg>
<tag>Getters</tag>
<tag>Text</tag>
<doc>Get text from element specified by xpath.</doc>
<msg timestamp="20230420 15:39:28.152" level="INFO">${price_txt} = 29.99</msg>
<status status="PASS" starttime="20230420 15:39:28.104" endtime="20230420 15:39:28.152"/>
</kw>
<kw name="Convert To Number" library="BuiltIn">
<var>${price_num}</var>
<arg>${price_txt}</arg>
<doc>Converts the given item to a floating point number.</doc>
<msg timestamp="20230420 15:39:28.152" level="INFO">${price_num} = 29.99</msg>
<status status="PASS" starttime="20230420 15:39:28.152" endtime="20230420 15:39:28.152"/>
</kw>
<kw name="Append To List" library="Collections">
<arg>${price_list}</arg>
<arg>${price_num}</arg>
<doc>Adds ``values`` to the end of ``list``.</doc>
<status status="PASS" starttime="20230420 15:39:28.152" endtime="20230420 15:39:28.152"/>
</kw>
<status status="PASS" starttime="20230420 15:39:28.104" endtime="20230420 15:39:28.153"/>
</iter>
<iter>
<var name="${counter}">2</var>
<kw name="Evaluate" library="BuiltIn">
<var>${element_num}</var>
<arg>${counter}+1</arg>
<doc>Evaluates the given expression in Python and returns the result.</doc>
<msg timestamp="20230420 15:39:28.153" level="INFO">${element_num} = 3</msg>
<status status="PASS" starttime="20230420 15:39:28.153" endtime="20230420 15:39:28.153"/>
</kw>
<kw name="Set Variable" library="BuiltIn">
<var>${xpath}</var>
<arg>//div[@class="inventory_item"][${element_num}]//div[@class="inventory_item_price"]</arg>
<doc>Returns the given values which can then be assigned to a variables.</doc>
<msg timestamp="20230420 15:39:28.155" level="INFO">${xpath} = //div[@class="inventory_item"][3]//div[@class="inventory_item_price"]</msg>
<status status="PASS" starttime="20230420 15:39:28.153" endtime="20230420 15:39:28.155"/>
</kw>
<kw name="Get Text" library="QWeb">
<var>${price_txt}</var>
<arg>${xpath}</arg>
<arg>between=$???</arg>
<tag>Getters</tag>
<tag>Text</tag>
<doc>Get text from element specified by xpath.</doc>
<msg timestamp="20230420 15:39:28.198" level="INFO">${price_txt} = 15.99</msg>
<status status="PASS" starttime="20230420 15:39:28.155" endtime="20230420 15:39:28.198"/>
</kw>
<kw name="Convert To Number" library="BuiltIn">
<var>${price_num}</var>
<arg>${price_txt}</arg>
<doc>Converts the given item to a floating point number.</doc>
<msg timestamp="20230420 15:39:28.199" level="INFO">${price_num} = 15.99</msg>
<status status="PASS" starttime="20230420 15:39:28.199" endtime="20230420 15:39:28.199"/>
</kw>
<kw name="Append To List" library="Collections">
<arg>${price_list}</arg>
<arg>${price_num}</arg>
<doc>Adds ``values`` to the end of ``list``.</doc>
<status status="PASS" starttime="20230420 15:39:28.199" endtime="20230420 15:39:28.199"/>
</kw>
<status status="PASS" starttime="20230420 15:39:28.153" endtime="20230420 15:39:28.199"/>
</iter>
<iter>
<var name="${counter}">3</var>
<kw name="Evaluate" library="BuiltIn">
<var>${element_num}</var>
<arg>${counter}+1</arg>
<doc>Evaluates the given expression in Python and returns the result.</doc>
<msg timestamp="20230420 15:39:28.200" level="INFO">${element_num} = 4</msg>
<status status="PASS" starttime="20230420 15:39:28.200" endtime="20230420 15:39:28.200"/>
</kw>
<kw name="Set Variable" library="BuiltIn">
<var>${xpath}</var>
<arg>//div[@class="inventory_item"][${element_num}]//div[@class="inventory_item_price"]</arg>
<doc>Returns the given values which can then be assigned to a variables.</doc>
<msg timestamp="20230420 15:39:28.200" level="INFO">${xpath} = //div[@class="inventory_item"][4]//div[@class="inventory_item_price"]</msg>
<status status="PASS" starttime="20230420 15:39:28.200" endtime="20230420 15:39:28.201"/>
</kw>
<kw name="Get Text" library="QWeb">
<var>${price_txt}</var>
<arg>${xpath}</arg>
<arg>between=$???</arg>
<tag>Getters</tag>
<tag>Text</tag>
<doc>Get text from element specified by xpath.</doc>
<msg timestamp="20230420 15:39:28.246" level="INFO">${price_txt} = 15.99</msg>
<status status="PASS" starttime="20230420 15:39:28.201" endtime="20230420 15:39:28.246"/>
</kw>
<kw name="Convert To Number" library="BuiltIn">
<var>${price_num}</var>
<arg>${price_txt}</arg>
<doc>Converts the given item to a floating point number.</doc>
<msg timestamp="20230420 15:39:28.247" level="INFO">${price_num} = 15.99</msg>
<status status="PASS" starttime="20230420 15:39:28.247" endtime="20230420 15:39:28.247"/>
</kw>
<kw name="Append To List" library="Collections">
<arg>${price_list}</arg>
<arg>${price_num}</arg>
<doc>Adds ``values`` to the end of ``list``.</doc>
<status status="PASS" starttime="20230420 15:39:28.247" endtime="20230420 15:39:28.248"/>
</kw>
<status status="PASS" starttime="20230420 15:39:28.200" endtime="20230420 15:39:28.248"/>
</iter>
<iter>
<var name="${counter}">4</var>
<kw name="Evaluate" library="BuiltIn">
<var>${element_num}</var>
<arg>${counter}+1</arg>
<doc>Evaluates the given expression in Python and returns the result.</doc>
<msg timestamp="20230420 15:39:28.248" level="INFO">${element_num} = 5</msg>
<status status="PASS" starttime="20230420 15:39:28.248" endtime="20230420 15:39:28.248"/>
</kw>
<kw name="Set Variable" library="BuiltIn">
<var>${xpath}</var>
<arg>//div[@class="inventory_item"][${element_num}]//div[@class="inventory_item_price"]</arg>
<doc>Returns the given values which can then be assigned to a variables.</doc>
<msg timestamp="20230420 15:39:28.248" level="INFO">${xpath} = //div[@class="inventory_item"][5]//div[@class="inventory_item_price"]</msg>
<status status="PASS" starttime="20230420 15:39:28.248" endtime="20230420 15:39:28.249"/>
</kw>
<kw name="Get Text" library="QWeb">
<var>${price_txt}</var>
<arg>${xpath}</arg>
<arg>between=$???</arg>
<tag>Getters</tag>
<tag>Text</tag>
<doc>Get text from element specified by xpath.</doc>
<msg timestamp="20230420 15:39:28.336" level="INFO">${price_txt} = 9.99</msg>
<status status="PASS" starttime="20230420 15:39:28.249" endtime="20230420 15:39:28.336"/>
</kw>
<kw name="Convert To Number" library="BuiltIn">
<var>${price_num}</var>
<arg>${price_txt}</arg>
<doc>Converts the given item to a floating point number.</doc>
<msg timestamp="20230420 15:39:28.338" level="INFO">${price_num} = 9.99</msg>
<status status="PASS" starttime="20230420 15:39:28.336" endtime="20230420 15:39:28.338"/>
</kw>
<kw name="Append To List" library="Collections">
<arg>${price_list}</arg>
<arg>${price_num}</arg>
<doc>Adds ``values`` to the end of ``list``.</doc>
<status status="PASS" starttime="20230420 15:39:28.338" endtime="20230420 15:39:28.338"/>
</kw>
<status status="PASS" starttime="20230420 15:39:28.248" endtime="20230420 15:39:28.338"/>
</iter>
<iter>
<var name="${counter}">5</var>
<kw name="Evaluate" library="BuiltIn">
<var>${element_num}</var>
<arg>${counter}+1</arg>
<doc>Evaluates the given expression in Python and returns the result.</doc>
<msg timestamp="20230420 15:39:28.339" level="INFO">${element_num} = 6</msg>
<status status="PASS" starttime="20230420 15:39:28.339" endtime="20230420 15:39:28.339"/>
</kw>
<kw name="Set Variable" library="BuiltIn">
<var>${xpath}</var>
<arg>//div[@class="inventory_item"][${element_num}]//div[@class="inventory_item_price"]</arg>
<doc>Returns the given values which can then be assigned to a variables.</doc>
<msg timestamp="20230420 15:39:28.340" level="INFO">${xpath} = //div[@class="inventory_item"][6]//div[@class="inventory_item_price"]</msg>
<status status="PASS" starttime="20230420 15:39:28.340" endtime="20230420 15:39:28.340"/>
</kw>
<kw name="Get Text" library="QWeb">
<var>${price_txt}</var>
<arg>${xpath}</arg>
<arg>between=$???</arg>
<tag>Getters</tag>
<tag>Text</tag>
<doc>Get text from element specified by xpath.</doc>
<msg timestamp="20230420 15:39:28.382" level="INFO">${price_txt} = 7.99</msg>
<status status="PASS" starttime="20230420 15:39:28.340" endtime="20230420 15:39:28.382"/>
</kw>
<kw name="Convert To Number" library="BuiltIn">
<var>${price_num}</var>
<arg>${price_txt}</arg>
<doc>Converts the given item to a floating point number.</doc>
<msg timestamp="20230420 15:39:28.383" level="INFO">${price_num} = 7.99</msg>
<status status="PASS" starttime="20230420 15:39:28.382" endtime="20230420 15:39:28.383"/>
</kw>
<kw name="Append To List" library="Collections">
<arg>${price_list}</arg>
<arg>${price_num}</arg>
<doc>Adds ``values`` to the end of ``list``.</doc>
<status status="PASS" starttime="20230420 15:39:28.383" endtime="20230420 15:39:28.383"/>
</kw>
<status status="PASS" starttime="20230420 15:39:28.339" endtime="20230420 15:39:28.383"/>
</iter>
<status status="PASS" starttime="20230420 15:39:28.051" endtime="20230420 15:39:28.383"/>
</for>
<kw name="Evaluate" library="BuiltIn">
<var>${ListCount-1}</var>
<arg>${elements_count}-1</arg>
<doc>Evaluates the given expression in Python and returns the result.</doc>
<msg timestamp="20230420 15:39:28.384" level="INFO">${ListCount-1} = 5</msg>
<status status="PASS" starttime="20230420 15:39:28.383" endtime="20230420 15:39:28.384"/>
</kw>
<for flavor="IN RANGE">
<var>${counter}</var>
<value>0</value>
<value>${elements_count}</value>
<value>1</value>
<iter>
<var name="${counter}">0</var>
<kw name="Evaluate" library="BuiltIn">
<var>${counter+1}</var>
<arg>${counter}+1</arg>
<doc>Evaluates the given expression in Python and returns the result.</doc>
<msg timestamp="20230420 15:39:28.385" level="INFO">${counter+1} = 1</msg>
<status status="PASS" starttime="20230420 15:39:28.384" endtime="20230420 15:39:28.385"/>
</kw>
<if>
<branch type="IF" condition="$counter == ${ListCount-1}">
<break>
<status status="NOT RUN" starttime="20230420 15:39:28.391" endtime="20230420 15:39:28.391"/>
</break>
<status status="NOT RUN" starttime="20230420 15:39:28.385" endtime="20230420 15:39:28.391"/>
</branch>
<status status="PASS" starttime="20230420 15:39:28.385" endtime="20230420 15:39:28.391"/>
</if>
<kw name="Get From List" library="Collections">
<var>${ListItem1}</var>
<arg>${price_list}</arg>
<arg>${counter}</arg>
<doc>Returns the value specified with an ``index`` from ``list``.</doc>
<msg timestamp="20230420 15:39:28.392" level="INFO">${ListItem1} = 49.99</msg>
<status status="PASS" starttime="20230420 15:39:28.391" endtime="20230420 15:39:28.392"/>
</kw>
<kw name="Get From List" library="Collections">
<var>${ListItem2}</var>
<arg>${price_list}</arg>
<arg>${counter+1}</arg>
<doc>Returns the value specified with an ``index`` from ``list``.</doc>
<msg timestamp="20230420 15:39:28.392" level="INFO">${ListItem2} = 29.99</msg>
<status status="PASS" starttime="20230420 15:39:28.392" endtime="20230420 15:39:28.392"/>
</kw>
<kw name="Should Be True" library="BuiltIn">
<arg>${ListItem1}&gt;=${ListItem2}</arg>
<doc>Fails if the given condition is not true.</doc>
<status status="PASS" starttime="20230420 15:39:28.393" endtime="20230420 15:39:28.393"/>
</kw>
<kw name="Log To Console" library="BuiltIn">
<arg>${ListItem1}' and '${ListItem2}</arg>
<doc>Logs the given message to the console.</doc>
<status status="PASS" starttime="20230420 15:39:28.393" endtime="20230420 15:39:28.393"/>
</kw>
<status status="PASS" starttime="20230420 15:39:28.384" endtime="20230420 15:39:28.393"/>
</iter>
<iter>
<var name="${counter}">1</var>
<kw name="Evaluate" library="BuiltIn">
<var>${counter+1}</var>
<arg>${counter}+1</arg>
<doc>Evaluates the given expression in Python and returns the result.</doc>
<msg timestamp="20230420 15:39:28.395" level="INFO">${counter+1} = 2</msg>
<status status="PASS" starttime="20230420 15:39:28.395" endtime="20230420 15:39:28.395"/>
</kw>
<if>
<branch type="IF" condition="$counter == ${ListCount-1}">
<break>
<status status="NOT RUN" starttime="20230420 15:39:28.396" endtime="20230420 15:39:28.396"/>
</break>
<status status="NOT RUN" starttime="20230420 15:39:28.396" endtime="20230420 15:39:28.396"/>
</branch>
<status status="PASS" starttime="20230420 15:39:28.396" endtime="20230420 15:39:28.396"/>
</if>
<kw name="Get From List" library="Collections">
<var>${ListItem1}</var>
<arg>${price_list}</arg>
<arg>${counter}</arg>
<doc>Returns the value specified with an ``index`` from ``list``.</doc>
<msg timestamp="20230420 15:39:28.397" level="INFO">${ListItem1} = 29.99</msg>
<status status="PASS" starttime="20230420 15:39:28.396" endtime="20230420 15:39:28.397"/>
</kw>
<kw name="Get From List" library="Collections">
<var>${ListItem2}</var>
<arg>${price_list}</arg>
<arg>${counter+1}</arg>
<doc>Returns the value specified with an ``index`` from ``list``.</doc>
<msg timestamp="20230420 15:39:28.397" level="INFO">${ListItem2} = 15.99</msg>
<status status="PASS" starttime="20230420 15:39:28.397" endtime="20230420 15:39:28.397"/>
</kw>
<kw name="Should Be True" library="BuiltIn">
<arg>${ListItem1}&gt;=${ListItem2}</arg>
<doc>Fails if the given condition is not true.</doc>
<status status="PASS" starttime="20230420 15:39:28.398" endtime="20230420 15:39:28.398"/>
</kw>
<kw name="Log To Console" library="BuiltIn">
<arg>${ListItem1}' and '${ListItem2}</arg>
<doc>Logs the given message to the console.</doc>
<status status="PASS" starttime="20230420 15:39:28.398" endtime="20230420 15:39:28.398"/>
</kw>
<status status="PASS" starttime="20230420 15:39:28.395" endtime="20230420 15:39:28.398"/>
</iter>
<iter>
<var name="${counter}">2</var>
<kw name="Evaluate" library="BuiltIn">
<var>${counter+1}</var>
<arg>${counter}+1</arg>
<doc>Evaluates the given expression in Python and returns the result.</doc>
<msg timestamp="20230420 15:39:28.399" level="INFO">${counter+1} = 3</msg>
<status status="PASS" starttime="20230420 15:39:28.399" endtime="20230420 15:39:28.399"/>
</kw>
<if>
<branch type="IF" condition="$counter == ${ListCount-1}">
<break>
<status status="NOT RUN" starttime="20230420 15:39:28.399" endtime="20230420 15:39:28.399"/>
</break>
<status status="NOT RUN" starttime="20230420 15:39:28.399" endtime="20230420 15:39:28.399"/>
</branch>
<status status="PASS" starttime="20230420 15:39:28.399" endtime="20230420 15:39:28.401"/>
</if>
<kw name="Get From List" library="Collections">
<var>${ListItem1}</var>
<arg>${price_list}</arg>
<arg>${counter}</arg>
<doc>Returns the value specified with an ``index`` from ``list``.</doc>
<msg timestamp="20230420 15:39:28.401" level="INFO">${ListItem1} = 15.99</msg>
<status status="PASS" starttime="20230420 15:39:28.401" endtime="20230420 15:39:28.401"/>
</kw>
<kw name="Get From List" library="Collections">
<var>${ListItem2}</var>
<arg>${price_list}</arg>
<arg>${counter+1}</arg>
<doc>Returns the value specified with an ``index`` from ``list``.</doc>
<msg timestamp="20230420 15:39:28.402" level="INFO">${ListItem2} = 15.99</msg>
<status status="PASS" starttime="20230420 15:39:28.401" endtime="20230420 15:39:28.402"/>
</kw>
<kw name="Should Be True" library="BuiltIn">
<arg>${ListItem1}&gt;=${ListItem2}</arg>
<doc>Fails if the given condition is not true.</doc>
<status status="PASS" starttime="20230420 15:39:28.402" endtime="20230420 15:39:28.402"/>
</kw>
<kw name="Log To Console" library="BuiltIn">
<arg>${ListItem1}' and '${ListItem2}</arg>
<doc>Logs the given message to the console.</doc>
<status status="PASS" starttime="20230420 15:39:28.403" endtime="20230420 15:39:28.403"/>
</kw>
<status status="PASS" starttime="20230420 15:39:28.398" endtime="20230420 15:39:28.403"/>
</iter>
<iter>
<var name="${counter}">3</var>
<kw name="Evaluate" library="BuiltIn">
<var>${counter+1}</var>
<arg>${counter}+1</arg>
<doc>Evaluates the given expression in Python and returns the result.</doc>
<msg timestamp="20230420 15:39:28.403" level="INFO">${counter+1} = 4</msg>
<status status="PASS" starttime="20230420 15:39:28.403" endtime="20230420 15:39:28.404"/>
</kw>
<if>
<branch type="IF" condition="$counter == ${ListCount-1}">
<break>
<status status="NOT RUN" starttime="20230420 15:39:28.404" endtime="20230420 15:39:28.404"/>
</break>
<status status="NOT RUN" starttime="20230420 15:39:28.404" endtime="20230420 15:39:28.405"/>
</branch>
<status status="PASS" starttime="20230420 15:39:28.404" endtime="20230420 15:39:28.405"/>
</if>
<kw name="Get From List" library="Collections">
<var>${ListItem1}</var>
<arg>${price_list}</arg>
<arg>${counter}</arg>
<doc>Returns the value specified with an ``index`` from ``list``.</doc>
<msg timestamp="20230420 15:39:28.405" level="INFO">${ListItem1} = 15.99</msg>
<status status="PASS" starttime="20230420 15:39:28.405" endtime="20230420 15:39:28.405"/>
</kw>
<kw name="Get From List" library="Collections">
<var>${ListItem2}</var>
<arg>${price_list}</arg>
<arg>${counter+1}</arg>
<doc>Returns the value specified with an ``index`` from ``list``.</doc>
<msg timestamp="20230420 15:39:28.407" level="INFO">${ListItem2} = 9.99</msg>
<status status="PASS" starttime="20230420 15:39:28.407" endtime="20230420 15:39:28.407"/>
</kw>
<kw name="Should Be True" library="BuiltIn">
<arg>${ListItem1}&gt;=${ListItem2}</arg>
<doc>Fails if the given condition is not true.</doc>
<status status="PASS" starttime="20230420 15:39:28.407" endtime="20230420 15:39:28.407"/>
</kw>
<kw name="Log To Console" library="BuiltIn">
<arg>${ListItem1}' and '${ListItem2}</arg>
<doc>Logs the given message to the console.</doc>
<status status="PASS" starttime="20230420 15:39:28.407" endtime="20230420 15:39:28.408"/>
</kw>
<status status="PASS" starttime="20230420 15:39:28.403" endtime="20230420 15:39:28.408"/>
</iter>
<iter>
<var name="${counter}">4</var>
<kw name="Evaluate" library="BuiltIn">
<var>${counter+1}</var>
<arg>${counter}+1</arg>
<doc>Evaluates the given expression in Python and returns the result.</doc>
<msg timestamp="20230420 15:39:28.409" level="INFO">${counter+1} = 5</msg>
<status status="PASS" starttime="20230420 15:39:28.409" endtime="20230420 15:39:28.409"/>
</kw>
<if>
<branch type="IF" condition="$counter == ${ListCount-1}">
<break>
<status status="NOT RUN" starttime="20230420 15:39:28.409" endtime="20230420 15:39:28.410"/>
</break>
<status status="NOT RUN" starttime="20230420 15:39:28.409" endtime="20230420 15:39:28.410"/>
</branch>
<status status="PASS" starttime="20230420 15:39:28.409" endtime="20230420 15:39:28.410"/>
</if>
<kw name="Get From List" library="Collections">
<var>${ListItem1}</var>
<arg>${price_list}</arg>
<arg>${counter}</arg>
<doc>Returns the value specified with an ``index`` from ``list``.</doc>
<msg timestamp="20230420 15:39:28.410" level="INFO">${ListItem1} = 9.99</msg>
<status status="PASS" starttime="20230420 15:39:28.410" endtime="20230420 15:39:28.410"/>
</kw>
<kw name="Get From List" library="Collections">
<var>${ListItem2}</var>
<arg>${price_list}</arg>
<arg>${counter+1}</arg>
<doc>Returns the value specified with an ``index`` from ``list``.</doc>
<msg timestamp="20230420 15:39:28.411" level="INFO">${ListItem2} = 7.99</msg>
<status status="PASS" starttime="20230420 15:39:28.410" endtime="20230420 15:39:28.411"/>
</kw>
<kw name="Should Be True" library="BuiltIn">
<arg>${ListItem1}&gt;=${ListItem2}</arg>
<doc>Fails if the given condition is not true.</doc>
<status status="PASS" starttime="20230420 15:39:28.411" endtime="20230420 15:39:28.411"/>
</kw>
<kw name="Log To Console" library="BuiltIn">
<arg>${ListItem1}' and '${ListItem2}</arg>
<doc>Logs the given message to the console.</doc>
<status status="PASS" starttime="20230420 15:39:28.411" endtime="20230420 15:39:28.413"/>
</kw>
<status status="PASS" starttime="20230420 15:39:28.408" endtime="20230420 15:39:28.413"/>
</iter>
<iter>
<var name="${counter}">5</var>
<kw name="Evaluate" library="BuiltIn">
<var>${counter+1}</var>
<arg>${counter}+1</arg>
<doc>Evaluates the given expression in Python and returns the result.</doc>
<msg timestamp="20230420 15:39:28.414" level="INFO">${counter+1} = 6</msg>
<status status="PASS" starttime="20230420 15:39:28.413" endtime="20230420 15:39:28.414"/>
</kw>
<if>
<branch type="IF" condition="$counter == ${ListCount-1}">
<break>
<status status="PASS" starttime="20230420 15:39:28.414" endtime="20230420 15:39:28.414"/>
</break>
<status status="PASS" starttime="20230420 15:39:28.414" endtime="20230420 15:39:28.414"/>
</branch>
<status status="PASS" starttime="20230420 15:39:28.414" endtime="20230420 15:39:28.414"/>
</if>
<kw name="Get From List" library="Collections">
<var>${ListItem1}</var>
<arg>${price_list}</arg>
<arg>${counter}</arg>
<doc>Returns the value specified with an ``index`` from ``list``.</doc>
<status status="NOT RUN" starttime="20230420 15:39:28.414" endtime="20230420 15:39:28.415"/>
</kw>
<kw name="Get From List" library="Collections">
<var>${ListItem2}</var>
<arg>${price_list}</arg>
<arg>${counter+1}</arg>
<doc>Returns the value specified with an ``index`` from ``list``.</doc>
<status status="NOT RUN" starttime="20230420 15:39:28.415" endtime="20230420 15:39:28.415"/>
</kw>
<kw name="Should Be True" library="BuiltIn">
<arg>${ListItem1}&gt;=${ListItem2}</arg>
<doc>Fails if the given condition is not true.</doc>
<status status="NOT RUN" starttime="20230420 15:39:28.415" endtime="20230420 15:39:28.415"/>
</kw>
<kw name="Log To Console" library="BuiltIn">
<arg>${ListItem1}' and '${ListItem2}</arg>
<doc>Logs the given message to the console.</doc>
<status status="NOT RUN" starttime="20230420 15:39:28.415" endtime="20230420 15:39:28.415"/>
</kw>
<status status="PASS" starttime="20230420 15:39:28.413" endtime="20230420 15:39:28.415"/>
</iter>
<status status="PASS" starttime="20230420 15:39:28.384" endtime="20230420 15:39:28.416"/>
</for>
<status status="PASS" starttime="20230420 15:39:28.028" endtime="20230420 15:39:28.416"/>
</kw>
<kw name="Add items to basket" library="keywords">
<arg>3</arg>
<for flavor="IN RANGE">
<var>${counter}</var>
<value>${num_of_items}</value>
<iter>
<var name="${counter}">0</var>
<kw name="Click Element" library="QWeb">
<arg>//button[contains(@data-test,'add-to-cart')]</arg>
<tag>Interaction</tag>
<doc>Click element specified by xpath.</doc>
<status status="PASS" starttime="20230420 15:39:28.416" endtime="20230420 15:39:28.548"/>
</kw>
<status status="PASS" starttime="20230420 15:39:28.416" endtime="20230420 15:39:28.548"/>
</iter>
<iter>
<var name="${counter}">1</var>
<kw name="Click Element" library="QWeb">
<arg>//button[contains(@data-test,'add-to-cart')]</arg>
<tag>Interaction</tag>
<doc>Click element specified by xpath.</doc>
<status status="PASS" starttime="20230420 15:39:28.548" endtime="20230420 15:39:28.606"/>
</kw>
<status status="PASS" starttime="20230420 15:39:28.548" endtime="20230420 15:39:28.606"/>
</iter>
<iter>
<var name="${counter}">2</var>
<kw name="Click Element" library="QWeb">
<arg>//button[contains(@data-test,'add-to-cart')]</arg>
<tag>Interaction</tag>
<doc>Click element specified by xpath.</doc>
<status status="PASS" starttime="20230420 15:39:28.606" endtime="20230420 15:39:28.664"/>
</kw>
<status status="PASS" starttime="20230420 15:39:28.606" endtime="20230420 15:39:28.664"/>
</iter>
<status status="PASS" starttime="20230420 15:39:28.416" endtime="20230420 15:39:28.664"/>
</for>
<status status="PASS" starttime="20230420 15:39:28.416" endtime="20230420 15:39:28.664"/>
</kw>
<kw name="Open basket" library="keywords">
<kw name="Click Element" library="QWeb">
<arg>//a[contains(@class,'shopping_cart_link')]</arg>
<tag>Interaction</tag>
<doc>Click element specified by xpath.</doc>
<status status="PASS" starttime="20230420 15:39:28.665" endtime="20230420 15:39:28.735"/>
</kw>
<status status="PASS" starttime="20230420 15:39:28.665" endtime="20230420 15:39:28.736"/>
</kw>
<kw name="Delete from basket" library="keywords">
<arg>3</arg>
<for flavor="IN RANGE">
<var>${counter}</var>
<value>${num_delete}</value>
<iter>
<var name="${counter}">0</var>
<kw name="Click Element" library="QWeb">
<arg>//button[contains(@name,'remove')]</arg>
<tag>Interaction</tag>
<doc>Click element specified by xpath.</doc>
<status status="PASS" starttime="20230420 15:39:28.736" endtime="20230420 15:39:28.814"/>
</kw>
<status status="PASS" starttime="20230420 15:39:28.736" endtime="20230420 15:39:28.814"/>
</iter>
<iter>
<var name="${counter}">1</var>
<kw name="Click Element" library="QWeb">
<arg>//button[contains(@name,'remove')]</arg>
<tag>Interaction</tag>
<doc>Click element specified by xpath.</doc>
<status status="PASS" starttime="20230420 15:39:28.815" endtime="20230420 15:39:28.879"/>
</kw>
<status status="PASS" starttime="20230420 15:39:28.814" endtime="20230420 15:39:28.879"/>
</iter>
<iter>
<var name="${counter}">2</var>
<kw name="Click Element" library="QWeb">
<arg>//button[contains(@name,'remove')]</arg>
<tag>Interaction</tag>
<doc>Click element specified by xpath.</doc>
<status status="PASS" starttime="20230420 15:39:28.879" endtime="20230420 15:39:28.939"/>
</kw>
<status status="PASS" starttime="20230420 15:39:28.879" endtime="20230420 15:39:28.939"/>
</iter>
<status status="PASS" starttime="20230420 15:39:28.736" endtime="20230420 15:39:28.939"/>
</for>
<status status="PASS" starttime="20230420 15:39:28.736" endtime="20230420 15:39:28.939"/>
</kw>
<kw name="Verify No Element" library="QWeb">
<arg>//button[contains(@name,'remove')]</arg>
<tag>Verification</tag>
<doc>Wait element can not be found on the page.</doc>
<status status="PASS" starttime="20230420 15:39:28.940" endtime="20230420 15:39:28.980"/>
</kw>
<kw name="Close Browser" library="QWeb" type="TEARDOWN">
<tag>Browser</tag>
<tag>Interaction</tag>
<doc>Close current browser.</doc>
<msg timestamp="20230420 15:39:28.981" level="INFO">${BROWSER_REUSE} = False</msg>
<status status="PASS" starttime="20230420 15:39:28.980" endtime="20230420 15:39:35.227"/>
</kw>
<doc>delete all the items and check they were deleted</doc>
<status status="PASS" starttime="20230420 15:39:25.812" endtime="20230420 15:39:35.229"/>
</test>
<test id="s1-t2" name="Checkout" line="22">
<kw name="Open Browser" library="QWeb" type="SETUP">
<arg>about:blank</arg>
<arg>chrome</arg>
<tag>Browser</tag>
<tag>Interaction</tag>
<doc>Open new browser to given url.</doc>
<msg timestamp="20230420 15:39:35.241" level="INFO">
QWeb version number: 2.1.2</msg>
<msg timestamp="20230420 15:39:36.371" level="INFO">Browser: chrome</msg>
<msg timestamp="20230420 15:39:36.371" level="INFO">Browser version: 112.0.5615.137</msg>
<msg timestamp="20230420 15:39:36.371" level="INFO">Chromedriver version: 112.0.5615.49 (bd2a7bcb881c11e8cfe3078709382934e3916914-refs/branch-heads/5615@{#936})</msg>
<status status="PASS" starttime="20230420 15:39:35.238" endtime="20230420 15:39:36.392"/>
</kw>
<kw name="Go To" library="QWeb">
<arg>https://www.saucedemo.com/</arg>
<tag>Browser</tag>
<tag>Interaction</tag>
<doc>Switch current page to given url.</doc>
<status status="PASS" starttime="20230420 15:39:36.393" endtime="20230420 15:39:36.763"/>
</kw>
<kw name="Get users credentials" library="keywords">
<kw name="Get Text" library="QWeb">
<var>${STANDARD_USER_LOGIN}</var>
<arg>${xpath_users}</arg>
<arg>between=are:???locked</arg>
<tag>Getters</tag>
<tag>Text</tag>
<doc>Get text from element specified by xpath.</doc>
<msg timestamp="20230420 15:39:36.867" level="INFO">${STANDARD_USER_LOGIN} = standard_user</msg>
<status status="PASS" starttime="20230420 15:39:36.765" endtime="20230420 15:39:36.868"/>
</kw>
<kw name="Get Text" library="QWeb">
<var>${LOCKED_OUT_USER_LOGIN}</var>
<arg>${xpath_users}</arg>
<arg>between=user???problem</arg>
<tag>Getters</tag>
<tag>Text</tag>
<doc>Get text from element specified by xpath.</doc>
<msg timestamp="20230420 15:39:36.912" level="INFO">${LOCKED_OUT_USER_LOGIN} = names are:standard_userlocked_out_user</msg>
<status status="PASS" starttime="20230420 15:39:36.868" endtime="20230420 15:39:36.913"/>
</kw>
<kw name="Get Text" library="QWeb">
<var>${PROBLEM_USER_LOGIN}</var>
<arg>${xpath_users}</arg>
<arg>between=user???performance</arg>
<tag>Getters</tag>
<tag>Text</tag>
<doc>Get text from element specified by xpath.</doc>
<msg timestamp="20230420 15:39:36.948" level="INFO">${PROBLEM_USER_LOGIN} = names are:standard_userlocked_out_userproblem_user</msg>
<status status="PASS" starttime="20230420 15:39:36.913" endtime="20230420 15:39:36.949"/>
</kw>
<kw name="Get Text" library="QWeb">
<var>${PERFORMANCE_GLITCH_USER_LOGIN}</var>
<arg>${xpath_users}</arg>
<arg>between=problem_user???</arg>
<tag>Getters</tag>
<tag>Text</tag>
<doc>Get text from element specified by xpath.</doc>
<msg timestamp="20230420 15:39:36.984" level="INFO">${PERFORMANCE_GLITCH_USER_LOGIN} = performance_glitch_user</msg>
<status status="PASS" starttime="20230420 15:39:36.949" endtime="20230420 15:39:36.984"/>
</kw>
<kw name="Get Text" library="QWeb">
<var>${PASSWORD}</var>
<arg>${xpath_password}</arg>
<arg>between=users:???</arg>
<tag>Getters</tag>
<tag>Text</tag>
<doc>Get text from element specified by xpath.</doc>
<msg timestamp="20230420 15:39:37.024" level="INFO">${PASSWORD} = secret_sauce</msg>
<status status="PASS" starttime="20230420 15:39:36.984" endtime="20230420 15:39:37.024"/>
</kw>
<kw name="Set Test Variable" library="BuiltIn">
<arg>${STANDARD_USER_LOGIN}</arg>
<doc>Makes a variable available everywhere within the scope of the current test.</doc>
<msg timestamp="20230420 15:39:37.025" level="INFO">${STANDARD_USER_LOGIN} = standard_user</msg>
<status status="PASS" starttime="20230420 15:39:37.025" endtime="20230420 15:39:37.025"/>
</kw>
<kw name="Set Test Variable" library="BuiltIn">
<arg>${LOCKED_OUT_USER_LOGIN}</arg>
<doc>Makes a variable available everywhere within the scope of the current test.</doc>
<msg timestamp="20230420 15:39:37.025" level="INFO">${LOCKED_OUT_USER_LOGIN} = names are:standard_userlocked_out_user</msg>
<status status="PASS" starttime="20230420 15:39:37.025" endtime="20230420 15:39:37.026"/>
</kw>
<kw name="Set Test Variable" library="BuiltIn">
<arg>${PROBLEM_USER_LOGIN}</arg>
<doc>Makes a variable available everywhere within the scope of the current test.</doc>
<msg timestamp="20230420 15:39:37.026" level="INFO">${PROBLEM_USER_LOGIN} = names are:standard_userlocked_out_userproblem_user</msg>
<status status="PASS" starttime="20230420 15:39:37.026" endtime="20230420 15:39:37.026"/>
</kw>
<kw name="Set Test Variable" library="BuiltIn">
<arg>${PERFORMANCE_GLITCH_USER_LOGIN}</arg>
<doc>Makes a variable available everywhere within the scope of the current test.</doc>
<msg timestamp="20230420 15:39:37.027" level="INFO">${PERFORMANCE_GLITCH_USER_LOGIN} = performance_glitch_user</msg>
<status status="PASS" starttime="20230420 15:39:37.026" endtime="20230420 15:39:37.027"/>
</kw>
<kw name="Set Test Variable" library="BuiltIn">
<arg>${PASSWORD}</arg>
<doc>Makes a variable available everywhere within the scope of the current test.</doc>
<msg timestamp="20230420 15:39:37.027" level="INFO">${PASSWORD} = secret_sauce</msg>
<status status="PASS" starttime="20230420 15:39:37.027" endtime="20230420 15:39:37.027"/>
</kw>
<status status="PASS" starttime="20230420 15:39:36.764" endtime="20230420 15:39:37.027"/>
</kw>
<kw name="Log into" library="keywords">
<arg>${STANDARD_USER_LOGIN}</arg>
<arg>${PASSWORD}</arg>
<kw name="Type Text" library="QWeb">
<arg>${input_username}</arg>
<arg>${login_username}</arg>
<tag>Input</tag>
<tag>Interaction</tag>
<doc>Type given text to a text field.</doc>
<status status="PASS" starttime="20230420 15:39:37.028" endtime="20230420 15:39:37.140"/>
</kw>
<kw name="Type Text" library="QWeb">
<arg>${input_password}</arg>
<arg>${login_password}</arg>
<tag>Input</tag>
<tag>Interaction</tag>
<doc>Type given text to a text field.</doc>
<status status="PASS" starttime="20230420 15:39:37.140" endtime="20230420 15:39:37.230"/>
</kw>
<kw name="Click Element" library="QWeb">
<arg>${button_login}</arg>
<tag>Interaction</tag>
<doc>Click element specified by xpath.</doc>
<status status="PASS" starttime="20230420 15:39:37.231" endtime="20230420 15:39:37.346"/>
</kw>
<status status="PASS" starttime="20230420 15:39:37.027" endtime="20230420 15:39:37.346"/>
</kw>
<kw name="Sorting high to low" library="keywords">
<kw name="Drop Down" library="QWeb">
<arg>//select[contains(@class,'product_sort_container')]</arg>
<arg>Price (high to low)</arg>
<tag>Dropdown</tag>
<tag>Interaction</tag>
<doc>Select an option from dropdown menu/list.</doc>
<status status="PASS" starttime="20230420 15:39:37.347" endtime="20230420 15:39:37.459"/>
</kw>
<status status="PASS" starttime="20230420 15:39:37.347" endtime="20230420 15:39:37.459"/>
</kw>
<kw name="Price sorting control" library="keywords">
<kw name="Get Element Count" library="QWeb">
<var>${elements_count}</var>
<arg>//div[contains(@class,'inventory_item_price')]</arg>
<tag>Getters</tag>
<doc>Get count of appearances for certain web element.</doc>
<msg timestamp="20230420 15:39:37.487" level="INFO">${elements_count} = 6</msg>
<status status="PASS" starttime="20230420 15:39:37.460" endtime="20230420 15:39:37.488"/>
</kw>
<for flavor="IN RANGE">
<var>${counter}</var>
<value>${elements_count}</value>
<iter>
<var name="${counter}">0</var>
<kw name="Evaluate" library="BuiltIn">
<var>${element_num}</var>
<arg>${counter}+1</arg>
<doc>Evaluates the given expression in Python and returns the result.</doc>
<msg timestamp="20230420 15:39:37.488" level="INFO">${element_num} = 1</msg>
<status status="PASS" starttime="20230420 15:39:37.488" endtime="20230420 15:39:37.488"/>
</kw>
<kw name="Set Variable" library="BuiltIn">
<var>${xpath}</var>
<arg>//div[@class="inventory_item"][${element_num}]//div[@class="inventory_item_price"]</arg>
<doc>Returns the given values which can then be assigned to a variables.</doc>
<msg timestamp="20230420 15:39:37.489" level="INFO">${xpath} = //div[@class="inventory_item"][1]//div[@class="inventory_item_price"]</msg>
<status status="PASS" starttime="20230420 15:39:37.489" endtime="20230420 15:39:37.489"/>
</kw>
<kw name="Get Text" library="QWeb">
<var>${price_txt}</var>
<arg>${xpath}</arg>
<arg>between=$???</arg>
<tag>Getters</tag>
<tag>Text</tag>
<doc>Get text from element specified by xpath.</doc>
<msg timestamp="20230420 15:39:37.537" level="INFO">${price_txt} = 49.99</msg>
<status status="PASS" starttime="20230420 15:39:37.489" endtime="20230420 15:39:37.537"/>
</kw>
<kw name="Convert To Number" library="BuiltIn">
<var>${price_num}</var>
<arg>${price_txt}</arg>
<doc>Converts the given item to a floating point number.</doc>
<msg timestamp="20230420 15:39:37.537" level="INFO">${price_num} = 49.99</msg>
<status status="PASS" starttime="20230420 15:39:37.537" endtime="20230420 15:39:37.537"/>
</kw>
<kw name="Append To List" library="Collections">
<arg>${price_list}</arg>
<arg>${price_num}</arg>
<doc>Adds ``values`` to the end of ``list``.</doc>
<status status="PASS" starttime="20230420 15:39:37.537" endtime="20230420 15:39:37.537"/>
</kw>
<status status="PASS" starttime="20230420 15:39:37.488" endtime="20230420 15:39:37.538"/>
</iter>
<iter>
<var name="${counter}">1</var>
<kw name="Evaluate" library="BuiltIn">
<var>${element_num}</var>
<arg>${counter}+1</arg>
<doc>Evaluates the given expression in Python and returns the result.</doc>
<msg timestamp="20230420 15:39:37.539" level="INFO">${element_num} = 2</msg>
<status status="PASS" starttime="20230420 15:39:37.538" endtime="20230420 15:39:37.539"/>
</kw>
<kw name="Set Variable" library="BuiltIn">
<var>${xpath}</var>
<arg>//div[@class="inventory_item"][${element_num}]//div[@class="inventory_item_price"]</arg>
<doc>Returns the given values which can then be assigned to a variables.</doc>
<msg timestamp="20230420 15:39:37.539" level="INFO">${xpath} = //div[@class="inventory_item"][2]//div[@class="inventory_item_price"]</msg>
<status status="PASS" starttime="20230420 15:39:37.539" endtime="20230420 15:39:37.539"/>
</kw>
<kw name="Get Text" library="QWeb">
<var>${price_txt}</var>
<arg>${xpath}</arg>
<arg>between=$???</arg>
<tag>Getters</tag>
<tag>Text</tag>
<doc>Get text from element specified by xpath.</doc>
<msg timestamp="20230420 15:39:37.626" level="INFO">${price_txt} = 29.99</msg>
<status status="PASS" starttime="20230420 15:39:37.539" endtime="20230420 15:39:37.626"/>
</kw>
<kw name="Convert To Number" library="BuiltIn">
<var>${price_num}</var>
<arg>${price_txt}</arg>
<doc>Converts the given item to a floating point number.</doc>
<msg timestamp="20230420 15:39:37.627" level="INFO">${price_num} = 29.99</msg>
<status status="PASS" starttime="20230420 15:39:37.627" endtime="20230420 15:39:37.627"/>
</kw>
<kw name="Append To List" library="Collections">
<arg>${price_list}</arg>
<arg>${price_num}</arg>
<doc>Adds ``values`` to the end of ``list``.</doc>
<status status="PASS" starttime="20230420 15:39:37.627" endtime="20230420 15:39:37.627"/>
</kw>
<status status="PASS" starttime="20230420 15:39:37.538" endtime="20230420 15:39:37.627"/>
</iter>
<iter>
<var name="${counter}">2</var>
<kw name="Evaluate" library="BuiltIn">
<var>${element_num}</var>
<arg>${counter}+1</arg>
<doc>Evaluates the given expression in Python and returns the result.</doc>
<msg timestamp="20230420 15:39:37.628" level="INFO">${element_num} = 3</msg>
<status status="PASS" starttime="20230420 15:39:37.628" endtime="20230420 15:39:37.628"/>
</kw>
<kw name="Set Variable" library="BuiltIn">
<var>${xpath}</var>
<arg>//div[@class="inventory_item"][${element_num}]//div[@class="inventory_item_price"]</arg>
<doc>Returns the given values which can then be assigned to a variables.</doc>
<msg timestamp="20230420 15:39:37.628" level="INFO">${xpath} = //div[@class="inventory_item"][3]//div[@class="inventory_item_price"]</msg>
<status status="PASS" starttime="20230420 15:39:37.628" endtime="20230420 15:39:37.629"/>
</kw>
<kw name="Get Text" library="QWeb">
<var>${price_txt}</var>
<arg>${xpath}</arg>
<arg>between=$???</arg>
<tag>Getters</tag>
<tag>Text</tag>
<doc>Get text from element specified by xpath.</doc>
<msg timestamp="20230420 15:39:37.673" level="INFO">${price_txt} = 15.99</msg>
<status status="PASS" starttime="20230420 15:39:37.629" endtime="20230420 15:39:37.673"/>
</kw>
<kw name="Convert To Number" library="BuiltIn">
<var>${price_num}</var>
<arg>${price_txt}</arg>
<doc>Converts the given item to a floating point number.</doc>
<msg timestamp="20230420 15:39:37.674" level="INFO">${price_num} = 15.99</msg>
<status status="PASS" starttime="20230420 15:39:37.674" endtime="20230420 15:39:37.674"/>
</kw>
<kw name="Append To List" library="Collections">
<arg>${price_list}</arg>
<arg>${price_num}</arg>
<doc>Adds ``values`` to the end of ``list``.</doc>
<status status="PASS" starttime="20230420 15:39:37.675" endtime="20230420 15:39:37.675"/>
</kw>
<status status="PASS" starttime="20230420 15:39:37.628" endtime="20230420 15:39:37.675"/>
</iter>
<iter>
<var name="${counter}">3</var>
<kw name="Evaluate" library="BuiltIn">
<var>${element_num}</var>
<arg>${counter}+1</arg>
<doc>Evaluates the given expression in Python and returns the result.</doc>
<msg timestamp="20230420 15:39:37.676" level="INFO">${element_num} = 4</msg>
<status status="PASS" starttime="20230420 15:39:37.676" endtime="20230420 15:39:37.676"/>
</kw>
<kw name="Set Variable" library="BuiltIn">
<var>${xpath}</var>
<arg>//div[@class="inventory_item"][${element_num}]//div[@class="inventory_item_price"]</arg>
<doc>Returns the given values which can then be assigned to a variables.</doc>
<msg timestamp="20230420 15:39:37.676" level="INFO">${xpath} = //div[@class="inventory_item"][4]//div[@class="inventory_item_price"]</msg>
<status status="PASS" starttime="20230420 15:39:37.676" endtime="20230420 15:39:37.676"/>
</kw>
<kw name="Get Text" library="QWeb">
<var>${price_txt}</var>
<arg>${xpath}</arg>
<arg>between=$???</arg>
<tag>Getters</tag>
<tag>Text</tag>
<doc>Get text from element specified by xpath.</doc>
<msg timestamp="20230420 15:39:37.720" level="INFO">${price_txt} = 15.99</msg>
<status status="PASS" starttime="20230420 15:39:37.677" endtime="20230420 15:39:37.721"/>
</kw>
<kw name="Convert To Number" library="BuiltIn">
<var>${price_num}</var>
<arg>${price_txt}</arg>
<doc>Converts the given item to a floating point number.</doc>
<msg timestamp="20230420 15:39:37.722" level="INFO">${price_num} = 15.99</msg>
<status status="PASS" starttime="20230420 15:39:37.721" endtime="20230420 15:39:37.722"/>
</kw>
<kw name="Append To List" library="Collections">
<arg>${price_list}</arg>
<arg>${price_num}</arg>
<doc>Adds ``values`` to the end of ``list``.</doc>
<status status="PASS" starttime="20230420 15:39:37.722" endtime="20230420 15:39:37.722"/>
</kw>
<status status="PASS" starttime="20230420 15:39:37.675" endtime="20230420 15:39:37.722"/>
</iter>
<iter>
<var name="${counter}">4</var>
<kw name="Evaluate" library="BuiltIn">
<var>${element_num}</var>
<arg>${counter}+1</arg>
<doc>Evaluates the given expression in Python and returns the result.</doc>
<msg timestamp="20230420 15:39:37.723" level="INFO">${element_num} = 5</msg>
<status status="PASS" starttime="20230420 15:39:37.723" endtime="20230420 15:39:37.723"/>
</kw>
<kw name="Set Variable" library="BuiltIn">
<var>${xpath}</var>
<arg>//div[@class="inventory_item"][${element_num}]//div[@class="inventory_item_price"]</arg>
<doc>Returns the given values which can then be assigned to a variables.</doc>
<msg timestamp="20230420 15:39:37.723" level="INFO">${xpath} = //div[@class="inventory_item"][5]//div[@class="inventory_item_price"]</msg>
<status status="PASS" starttime="20230420 15:39:37.723" endtime="20230420 15:39:37.723"/>
</kw>
<kw name="Get Text" library="QWeb">
<var>${price_txt}</var>
<arg>${xpath}</arg>
<arg>between=$???</arg>
<tag>Getters</tag>
<tag>Text</tag>
<doc>Get text from element specified by xpath.</doc>
<msg timestamp="20230420 15:39:37.770" level="INFO">${price_txt} = 9.99</msg>
<status status="PASS" starttime="20230420 15:39:37.724" endtime="20230420 15:39:37.770"/>
</kw>
<kw name="Convert To Number" library="BuiltIn">
<var>${price_num}</var>
<arg>${price_txt}</arg>
<doc>Converts the given item to a floating point number.</doc>
<msg timestamp="20230420 15:39:37.771" level="INFO">${price_num} = 9.99</msg>
<status status="PASS" starttime="20230420 15:39:37.770" endtime="20230420 15:39:37.771"/>
</kw>
<kw name="Append To List" library="Collections">
<arg>${price_list}</arg>
<arg>${price_num}</arg>
<doc>Adds ``values`` to the end of ``list``.</doc>
<status status="PASS" starttime="20230420 15:39:37.771" endtime="20230420 15:39:37.771"/>
</kw>
<status status="PASS" starttime="20230420 15:39:37.722" endtime="20230420 15:39:37.771"/>
</iter>
<iter>
<var name="${counter}">5</var>
<kw name="Evaluate" library="BuiltIn">
<var>${element_num}</var>
<arg>${counter}+1</arg>
<doc>Evaluates the given expression in Python and returns the result.</doc>
<msg timestamp="20230420 15:39:37.772" level="INFO">${element_num} = 6</msg>
<status status="PASS" starttime="20230420 15:39:37.771" endtime="20230420 15:39:37.772"/>
</kw>
<kw name="Set Variable" library="BuiltIn">
<var>${xpath}</var>
<arg>//div[@class="inventory_item"][${element_num}]//div[@class="inventory_item_price"]</arg>
<doc>Returns the given values which can then be assigned to a variables.</doc>
<msg timestamp="20230420 15:39:37.772" level="INFO">${xpath} = //div[@class="inventory_item"][6]//div[@class="inventory_item_price"]</msg>
<status status="PASS" starttime="20230420 15:39:37.772" endtime="20230420 15:39:37.772"/>
</kw>
<kw name="Get Text" library="QWeb">
<var>${price_txt}</var>
<arg>${xpath}</arg>
<arg>between=$???</arg>
<tag>Getters</tag>
<tag>Text</tag>
<doc>Get text from element specified by xpath.</doc>
<msg timestamp="20230420 15:39:37.819" level="INFO">${price_txt} = 7.99</msg>
<status status="PASS" starttime="20230420 15:39:37.772" endtime="20230420 15:39:37.819"/>
</kw>
<kw name="Convert To Number" library="BuiltIn">
<var>${price_num}</var>
<arg>${price_txt}</arg>
<doc>Converts the given item to a floating point number.</doc>
<msg timestamp="20230420 15:39:37.820" level="INFO">${price_num} = 7.99</msg>
<status status="PASS" starttime="20230420 15:39:37.819" endtime="20230420 15:39:37.820"/>
</kw>
<kw name="Append To List" library="Collections">
<arg>${price_list}</arg>
<arg>${price_num}</arg>
<doc>Adds ``values`` to the end of ``list``.</doc>
<status status="PASS" starttime="20230420 15:39:37.820" endtime="20230420 15:39:37.820"/>
</kw>
<status status="PASS" starttime="20230420 15:39:37.771" endtime="20230420 15:39:37.820"/>
</iter>
<status status="PASS" starttime="20230420 15:39:37.488" endtime="20230420 15:39:37.820"/>
</for>
<kw name="Evaluate" library="BuiltIn">
<var>${ListCount-1}</var>
<arg>${elements_count}-1</arg>
<doc>Evaluates the given expression in Python and returns the result.</doc>
<msg timestamp="20230420 15:39:37.821" level="INFO">${ListCount-1} = 5</msg>
<status status="PASS" starttime="20230420 15:39:37.820" endtime="20230420 15:39:37.821"/>
</kw>
<for flavor="IN RANGE">
<var>${counter}</var>
<value>0</value>
<value>${elements_count}</value>
<value>1</value>
<iter>
<var name="${counter}">0</var>
<kw name="Evaluate" library="BuiltIn">
<var>${counter+1}</var>
<arg>${counter}+1</arg>
<doc>Evaluates the given expression in Python and returns the result.</doc>
<msg timestamp="20230420 15:39:37.822" level="INFO">${counter+1} = 1</msg>
<status status="PASS" starttime="20230420 15:39:37.822" endtime="20230420 15:39:37.822"/>
</kw>
<if>
<branch type="IF" condition="$counter == ${ListCount-1}">
<break>
<status status="NOT RUN" starttime="20230420 15:39:37.822" endtime="20230420 15:39:37.822"/>
</break>
<status status="NOT RUN" starttime="20230420 15:39:37.822" endtime="20230420 15:39:37.823"/>
</branch>
<status status="PASS" starttime="20230420 15:39:37.822" endtime="20230420 15:39:37.823"/>
</if>
<kw name="Get From List" library="Collections">
<var>${ListItem1}</var>
<arg>${price_list}</arg>
<arg>${counter}</arg>
<doc>Returns the value specified with an ``index`` from ``list``.</doc>
<msg timestamp="20230420 15:39:37.823" level="INFO">${ListItem1} = 49.99</msg>
<status status="PASS" starttime="20230420 15:39:37.823" endtime="20230420 15:39:37.823"/>
</kw>
<kw name="Get From List" library="Collections">
<var>${ListItem2}</var>
<arg>${price_list}</arg>
<arg>${counter+1}</arg>
<doc>Returns the value specified with an ``index`` from ``list``.</doc>
<msg timestamp="20230420 15:39:37.824" level="INFO">${ListItem2} = 29.99</msg>
<status status="PASS" starttime="20230420 15:39:37.823" endtime="20230420 15:39:37.824"/>
</kw>
<kw name="Should Be True" library="BuiltIn">
<arg>${ListItem1}&gt;=${ListItem2}</arg>
<doc>Fails if the given condition is not true.</doc>
<status status="PASS" starttime="20230420 15:39:37.824" endtime="20230420 15:39:37.824"/>
</kw>
<kw name="Log To Console" library="BuiltIn">
<arg>${ListItem1}' and '${ListItem2}</arg>
<doc>Logs the given message to the console.</doc>
<status status="PASS" starttime="20230420 15:39:37.824" endtime="20230420 15:39:37.825"/>
</kw>
<status status="PASS" starttime="20230420 15:39:37.821" endtime="20230420 15:39:37.825"/>
</iter>
<iter>
<var name="${counter}">1</var>
<kw name="Evaluate" library="BuiltIn">
<var>${counter+1}</var>
<arg>${counter}+1</arg>
<doc>Evaluates the given expression in Python and returns the result.</doc>
<msg timestamp="20230420 15:39:37.825" level="INFO">${counter+1} = 2</msg>
<status status="PASS" starttime="20230420 15:39:37.825" endtime="20230420 15:39:37.826"/>
</kw>
<if>
<branch type="IF" condition="$counter == ${ListCount-1}">
<break>
<status status="NOT RUN" starttime="20230420 15:39:37.826" endtime="20230420 15:39:37.826"/>
</break>
<status status="NOT RUN" starttime="20230420 15:39:37.826" endtime="20230420 15:39:37.827"/>
</branch>
<status status="PASS" starttime="20230420 15:39:37.826" endtime="20230420 15:39:37.827"/>
</if>
<kw name="Get From List" library="Collections">
<var>${ListItem1}</var>
<arg>${price_list}</arg>
<arg>${counter}</arg>
<doc>Returns the value specified with an ``index`` from ``list``.</doc>
<msg timestamp="20230420 15:39:37.827" level="INFO">${ListItem1} = 29.99</msg>
<status status="PASS" starttime="20230420 15:39:37.827" endtime="20230420 15:39:37.827"/>
</kw>
<kw name="Get From List" library="Collections">
<var>${ListItem2}</var>
<arg>${price_list}</arg>
<arg>${counter+1}</arg>
<doc>Returns the value specified with an ``index`` from ``list``.</doc>
<msg timestamp="20230420 15:39:37.828" level="INFO">${ListItem2} = 15.99</msg>
<status status="PASS" starttime="20230420 15:39:37.827" endtime="20230420 15:39:37.828"/>
</kw>
<kw name="Should Be True" library="BuiltIn">
<arg>${ListItem1}&gt;=${ListItem2}</arg>
<doc>Fails if the given condition is not true.</doc>
<status status="PASS" starttime="20230420 15:39:37.828" endtime="20230420 15:39:37.828"/>
</kw>
<kw name="Log To Console" library="BuiltIn">
<arg>${ListItem1}' and '${ListItem2}</arg>
<doc>Logs the given message to the console.</doc>
<status status="PASS" starttime="20230420 15:39:37.829" endtime="20230420 15:39:37.829"/>
</kw>
<status status="PASS" starttime="20230420 15:39:37.825" endtime="20230420 15:39:37.830"/>
</iter>
<iter>
<var name="${counter}">2</var>
<kw name="Evaluate" library="BuiltIn">
<var>${counter+1}</var>
<arg>${counter}+1</arg>
<doc>Evaluates the given expression in Python and returns the result.</doc>
<msg timestamp="20230420 15:39:37.831" level="INFO">${counter+1} = 3</msg>
<status status="PASS" starttime="20230420 15:39:37.830" endtime="20230420 15:39:37.831"/>
</kw>
<if>
<branch type="IF" condition="$counter == ${ListCount-1}">
<break>
<status status="NOT RUN" starttime="20230420 15:39:37.831" endtime="20230420 15:39:37.831"/>
</break>
<status status="NOT RUN" starttime="20230420 15:39:37.831" endtime="20230420 15:39:37.832"/>
</branch>
<status status="PASS" starttime="20230420 15:39:37.831" endtime="20230420 15:39:37.832"/>
</if>
<kw name="Get From List" library="Collections">
<var>${ListItem1}</var>
<arg>${price_list}</arg>
<arg>${counter}</arg>
<doc>Returns the value specified with an ``index`` from ``list``.</doc>
<msg timestamp="20230420 15:39:37.832" level="INFO">${ListItem1} = 15.99</msg>
<status status="PASS" starttime="20230420 15:39:37.832" endtime="20230420 15:39:37.832"/>
</kw>
<kw name="Get From List" library="Collections">
<var>${ListItem2}</var>
<arg>${price_list}</arg>
<arg>${counter+1}</arg>
<doc>Returns the value specified with an ``index`` from ``list``.</doc>
<msg timestamp="20230420 15:39:37.833" level="INFO">${ListItem2} = 15.99</msg>
<status status="PASS" starttime="20230420 15:39:37.833" endtime="20230420 15:39:37.833"/>
</kw>
<kw name="Should Be True" library="BuiltIn">
<arg>${ListItem1}&gt;=${ListItem2}</arg>
<doc>Fails if the given condition is not true.</doc>
<status status="PASS" starttime="20230420 15:39:37.834" endtime="20230420 15:39:37.834"/>
</kw>
<kw name="Log To Console" library="BuiltIn">
<arg>${ListItem1}' and '${ListItem2}</arg>
<doc>Logs the given message to the console.</doc>
<status status="PASS" starttime="20230420 15:39:37.834" endtime="20230420 15:39:37.835"/>
</kw>
<status status="PASS" starttime="20230420 15:39:37.830" endtime="20230420 15:39:37.835"/>
</iter>
<iter>
<var name="${counter}">3</var>
<kw name="Evaluate" library="BuiltIn">
<var>${counter+1}</var>
<arg>${counter}+1</arg>
<doc>Evaluates the given expression in Python and returns the result.</doc>
<msg timestamp="20230420 15:39:37.836" level="INFO">${counter+1} = 4</msg>
<status status="PASS" starttime="20230420 15:39:37.835" endtime="20230420 15:39:37.837"/>
</kw>
<if>
<branch type="IF" condition="$counter == ${ListCount-1}">
<break>
<status status="NOT RUN" starttime="20230420 15:39:37.837" endtime="20230420 15:39:37.837"/>
</break>
<status status="NOT RUN" starttime="20230420 15:39:37.837" endtime="20230420 15:39:37.837"/>
</branch>
<status status="PASS" starttime="20230420 15:39:37.837" endtime="20230420 15:39:37.837"/>
</if>
<kw name="Get From List" library="Collections">
<var>${ListItem1}</var>
<arg>${price_list}</arg>
<arg>${counter}</arg>
<doc>Returns the value specified with an ``index`` from ``list``.</doc>
<msg timestamp="20230420 15:39:37.838" level="INFO">${ListItem1} = 15.99</msg>
<status status="PASS" starttime="20230420 15:39:37.837" endtime="20230420 15:39:37.838"/>
</kw>
<kw name="Get From List" library="Collections">
<var>${ListItem2}</var>
<arg>${price_list}</arg>
<arg>${counter+1}</arg>
<doc>Returns the value specified with an ``index`` from ``list``.</doc>
<msg timestamp="20230420 15:39:37.838" level="INFO">${ListItem2} = 9.99</msg>
<status status="PASS" starttime="20230420 15:39:37.838" endtime="20230420 15:39:37.838"/>
</kw>
<kw name="Should Be True" library="BuiltIn">
<arg>${ListItem1}&gt;=${ListItem2}</arg>
<doc>Fails if the given condition is not true.</doc>
<status status="PASS" starttime="20230420 15:39:37.838" endtime="20230420 15:39:37.839"/>
</kw>
<kw name="Log To Console" library="BuiltIn">
<arg>${ListItem1}' and '${ListItem2}</arg>
<doc>Logs the given message to the console.</doc>
<status status="PASS" starttime="20230420 15:39:37.839" endtime="20230420 15:39:37.840"/>
</kw>
<status status="PASS" starttime="20230420 15:39:37.835" endtime="20230420 15:39:37.840"/>
</iter>
<iter>
<var name="${counter}">4</var>
<kw name="Evaluate" library="BuiltIn">
<var>${counter+1}</var>
<arg>${counter}+1</arg>
<doc>Evaluates the given expression in Python and returns the result.</doc>
<msg timestamp="20230420 15:39:37.840" level="INFO">${counter+1} = 5</msg>
<status status="PASS" starttime="20230420 15:39:37.840" endtime="20230420 15:39:37.840"/>
</kw>
<if>
<branch type="IF" condition="$counter == ${ListCount-1}">
<break>
<status status="NOT RUN" starttime="20230420 15:39:37.841" endtime="20230420 15:39:37.841"/>
</break>
<status status="NOT RUN" starttime="20230420 15:39:37.841" endtime="20230420 15:39:37.841"/>
</branch>
<status status="PASS" starttime="20230420 15:39:37.840" endtime="20230420 15:39:37.842"/>
</if>
<kw name="Get From List" library="Collections">
<var>${ListItem1}</var>
<arg>${price_list}</arg>
<arg>${counter}</arg>
<doc>Returns the value specified with an ``index`` from ``list``.</doc>
<msg timestamp="20230420 15:39:37.842" level="INFO">${ListItem1} = 9.99</msg>
<status status="PASS" starttime="20230420 15:39:37.842" endtime="20230420 15:39:37.842"/>
</kw>
<kw name="Get From List" library="Collections">
<var>${ListItem2}</var>
<arg>${price_list}</arg>
<arg>${counter+1}</arg>
<doc>Returns the value specified with an ``index`` from ``list``.</doc>
<msg timestamp="20230420 15:39:37.843" level="INFO">${ListItem2} = 7.99</msg>
<status status="PASS" starttime="20230420 15:39:37.842" endtime="20230420 15:39:37.843"/>
</kw>
<kw name="Should Be True" library="BuiltIn">
<arg>${ListItem1}&gt;=${ListItem2}</arg>
<doc>Fails if the given condition is not true.</doc>
<status status="PASS" starttime="20230420 15:39:37.843" endtime="20230420 15:39:37.843"/>
</kw>
<kw name="Log To Console" library="BuiltIn">
<arg>${ListItem1}' and '${ListItem2}</arg>
<doc>Logs the given message to the console.</doc>
<status status="PASS" starttime="20230420 15:39:37.843" endtime="20230420 15:39:37.844"/>
</kw>
<status status="PASS" starttime="20230420 15:39:37.840" endtime="20230420 15:39:37.844"/>
</iter>
<iter>
<var name="${counter}">5</var>
<kw name="Evaluate" library="BuiltIn">
<var>${counter+1}</var>
<arg>${counter}+1</arg>
<doc>Evaluates the given expression in Python and returns the result.</doc>
<msg timestamp="20230420 15:39:37.844" level="INFO">${counter+1} = 6</msg>
<status status="PASS" starttime="20230420 15:39:37.844" endtime="20230420 15:39:37.845"/>
</kw>
<if>
<branch type="IF" condition="$counter == ${ListCount-1}">
<break>
<status status="PASS" starttime="20230420 15:39:37.845" endtime="20230420 15:39:37.846"/>
</break>
<status status="PASS" starttime="20230420 15:39:37.845" endtime="20230420 15:39:37.846"/>
</branch>
<status status="PASS" starttime="20230420 15:39:37.845" endtime="20230420 15:39:37.846"/>
</if>
<kw name="Get From List" library="Collections">
<var>${ListItem1}</var>
<arg>${price_list}</arg>
<arg>${counter}</arg>
<doc>Returns the value specified with an ``index`` from ``list``.</doc>
<status status="NOT RUN" starttime="20230420 15:39:37.846" endtime="20230420 15:39:37.846"/>
</kw>
<kw name="Get From List" library="Collections">
<var>${ListItem2}</var>
<arg>${price_list}</arg>
<arg>${counter+1}</arg>
<doc>Returns the value specified with an ``index`` from ``list``.</doc>
<status status="NOT RUN" starttime="20230420 15:39:37.847" endtime="20230420 15:39:37.847"/>
</kw>
<kw name="Should Be True" library="BuiltIn">
<arg>${ListItem1}&gt;=${ListItem2}</arg>
<doc>Fails if the given condition is not true.</doc>
<status status="NOT RUN" starttime="20230420 15:39:37.847" endtime="20230420 15:39:37.847"/>
</kw>
<kw name="Log To Console" library="BuiltIn">
<arg>${ListItem1}' and '${ListItem2}</arg>
<doc>Logs the given message to the console.</doc>
<status status="NOT RUN" starttime="20230420 15:39:37.847" endtime="20230420 15:39:37.847"/>
</kw>
<status status="PASS" starttime="20230420 15:39:37.844" endtime="20230420 15:39:37.847"/>
</iter>
<status status="PASS" starttime="20230420 15:39:37.821" endtime="20230420 15:39:37.848"/>
</for>
<status status="PASS" starttime="20230420 15:39:37.460" endtime="20230420 15:39:37.848"/>
</kw>
<kw name="Add items to basket" library="keywords">
<arg>3</arg>
<for flavor="IN RANGE">
<var>${counter}</var>
<value>${num_of_items}</value>
<iter>
<var name="${counter}">0</var>
<kw name="Click Element" library="QWeb">
<arg>//button[contains(@data-test,'add-to-cart')]</arg>
<tag>Interaction</tag>
<doc>Click element specified by xpath.</doc>
<status status="PASS" starttime="20230420 15:39:37.849" endtime="20230420 15:39:37.999"/>
</kw>
<status status="PASS" starttime="20230420 15:39:37.849" endtime="20230420 15:39:37.999"/>
</iter>
<iter>
<var name="${counter}">1</var>
<kw name="Click Element" library="QWeb">
<arg>//button[contains(@data-test,'add-to-cart')]</arg>
<tag>Interaction</tag>
<doc>Click element specified by xpath.</doc>
<status status="PASS" starttime="20230420 15:39:37.999" endtime="20230420 15:39:38.067"/>
</kw>
<status status="PASS" starttime="20230420 15:39:37.999" endtime="20230420 15:39:38.067"/>
</iter>
<iter>
<var name="${counter}">2</var>
<kw name="Click Element" library="QWeb">
<arg>//button[contains(@data-test,'add-to-cart')]</arg>
<tag>Interaction</tag>
<doc>Click element specified by xpath.</doc>
<status status="PASS" starttime="20230420 15:39:38.068" endtime="20230420 15:39:38.132"/>
</kw>
<status status="PASS" starttime="20230420 15:39:38.067" endtime="20230420 15:39:38.132"/>
</iter>
<status status="PASS" starttime="20230420 15:39:37.849" endtime="20230420 15:39:38.132"/>
</for>
<status status="PASS" starttime="20230420 15:39:37.848" endtime="20230420 15:39:38.132"/>
</kw>
<kw name="Open basket" library="keywords">
<kw name="Click Element" library="QWeb">
<arg>//a[contains(@class,'shopping_cart_link')]</arg>
<tag>Interaction</tag>
<doc>Click element specified by xpath.</doc>
<status status="PASS" starttime="20230420 15:39:38.133" endtime="20230420 15:39:38.207"/>
</kw>
<status status="PASS" starttime="20230420 15:39:38.133" endtime="20230420 15:39:38.207"/>
</kw>
<kw name="Checkout and fill data" library="keywords">
<arg>x</arg>
<arg>xx</arg>
<arg>00000</arg>
<kw name="Click Element" library="QWeb">
<arg>//button[contains(@id,'checkout')]</arg>
<tag>Interaction</tag>
<doc>Click element specified by xpath.</doc>
<status status="PASS" starttime="20230420 15:39:38.210" endtime="20230420 15:39:38.309"/>
</kw>
<kw name="Type Text" library="QWeb">
<arg>//input[contains(@id,'first-name')]</arg>
<arg>${surname}</arg>
<tag>Input</tag>
<tag>Interaction</tag>
<doc>Type given text to a text field.</doc>
<status status="PASS" starttime="20230420 15:39:38.309" endtime="20230420 15:39:38.416"/>
</kw>
<kw name="Type Text" library="QWeb">
<arg>//input[contains(@id,'last-name')]</arg>
<arg>${lastname}</arg>
<tag>Input</tag>
<tag>Interaction</tag>
<doc>Type given text to a text field.</doc>
<status status="PASS" starttime="20230420 15:39:38.416" endtime="20230420 15:39:38.510"/>
</kw>
<kw name="Type Text" library="QWeb">
<arg>//input[contains(@id,'postal-code')]</arg>
<arg>${postal_code}</arg>
<tag>Input</tag>
<tag>Interaction</tag>
<doc>Type given text to a text field.</doc>
<status status="PASS" starttime="20230420 15:39:38.510" endtime="20230420 15:39:38.606"/>
</kw>
<kw name="Click Element" library="QWeb">
<arg>//input[contains(@id,'continue')]</arg>
<tag>Interaction</tag>
<doc>Click element specified by xpath.</doc>
<status status="PASS" starttime="20230420 15:39:38.607" endtime="20230420 15:39:38.686"/>
</kw>
<kw name="Click Element" library="QWeb">
<arg>//button[contains(@id,'finish')]</arg>
<tag>Interaction</tag>
<doc>Click element specified by xpath.</doc>
<status status="PASS" starttime="20230420 15:39:38.687" endtime="20230420 15:39:38.762"/>
</kw>
<status status="PASS" starttime="20230420 15:39:38.207" endtime="20230420 15:39:38.763"/>
</kw>
<kw name="Verify Text" library="QWeb">
<arg>${checkout_txt}</arg>
<tag>Text</tag>
<tag>Verification</tag>
<doc>Verify page contains given text.</doc>
<status status="PASS" starttime="20230420 15:39:38.764" endtime="20230420 15:39:38.838"/>
</kw>
<kw name="Close Browser" library="QWeb" type="TEARDOWN">
<tag>Browser</tag>
<tag>Interaction</tag>
<doc>Close current browser.</doc>
<msg timestamp="20230420 15:39:38.839" level="INFO">${BROWSER_REUSE} = False</msg>
<status status="PASS" starttime="20230420 15:39:38.838" endtime="20230420 15:39:45.058"/>
</kw>
<status status="PASS" starttime="20230420 15:39:35.236" endtime="20230420 15:39:45.061"/>
</test>
<status status="PASS" starttime="20230420 15:39:24.773" endtime="20230420 15:39:45.068"/>
</suite>
<statistics>
<total>
<stat pass="2" fail="0" skip="0">All Tests</stat>
</total>
<tag>
</tag>
<suite>
<stat pass="2" fail="0" skip="0" id="s1" name="Basket">Basket</stat>
</suite>
</statistics>
<errors>
</errors>
</robot>
